21:41:09.585 [MLog-Init-Reporter] INFO  com.mchange.v2.log.MLog - MLog clients using slf4j logging.
21:41:09.783 [main] INFO  com.mchange.v2.c3p0.C3P0Registry - Initializing c3p0-0.9.5.2 [built 08-December-2015 22:06:04 -0800; debug? true; trace: 10]
21:41:10.526 [main] INFO  org.hibernate.Version - HHH000412: Hibernate Core {5.2.0.Final}
21:41:10.529 [main] INFO  org.hibernate.cfg.Environment - HHH000206: hibernate.properties not found
21:41:10.532 [main] INFO  org.hibernate.cfg.Environment - HHH000021: Bytecode provider name : javassist
21:41:10.694 [main] INFO  o.h.annotations.common.Version - HCANN000001: Hibernate Commons Annotations {5.0.1.Final}
21:41:10.937 [main] INFO  c.m.v.c.i.AbstractPoolBackedDataSource - Initializing c3p0 pool... com.mchange.v2.c3p0.ComboPooledDataSource [ acquireIncrement -> 1, acquireRetryAttempts -> 30, acquireRetryDelay -> 1000, autoCommitOnClose -> false, automaticTestTable -> null, breakAfterAcquireFailure -> false, checkoutTimeout -> 0, connectionCustomizerClassName -> null, connectionTesterClassName -> com.mchange.v2.c3p0.impl.DefaultConnectionTester, contextClassLoaderSource -> caller, dataSourceName -> z8kfsx9h17ovepo1isxs1z|2ef3eef9, debugUnreturnedConnectionStackTraces -> false, description -> null, driverClass -> com.mysql.jdbc.Driver, extensions -> {}, factoryClassLocation -> null, forceIgnoreUnresolvedTransactions -> false, forceSynchronousCheckins -> false, forceUseNamedDriverClass -> false, identityToken -> z8kfsx9h17ovepo1isxs1z|2ef3eef9, idleConnectionTestPeriod -> 0, initialPoolSize -> 3, jdbcUrl -> jdbc:mysql://localhost:3306/restaurantH, maxAdministrativeTaskTime -> 0, maxConnectionAge -> 0, maxIdleTime -> 0, maxIdleTimeExcessConnections -> 0, maxPoolSize -> 10, maxStatements -> 0, maxStatementsPerConnection -> 0, minPoolSize -> 1, numHelperThreads -> 3, preferredTestQuery -> null, privilegeSpawnedThreads -> false, properties -> {user=******, password=******}, propertyCycle -> 0, statementCacheNumDeferredCloseThreads -> 0, testConnectionOnCheckin -> false, testConnectionOnCheckout -> false, unreturnedConnectionTimeout -> 0, userOverrides -> {}, usesTraditionalReflectiveProxies -> false ]
21:41:11.685 [main] INFO  org.hibernate.dialect.Dialect - HHH000400: Using dialect: org.hibernate.dialect.MySQL5Dialect
21:41:13.676 [main] INFO  c.g.l.controllers.OrderController - Trying to get last order id.
21:41:13.765 [main] INFO  o.h.h.i.QueryTranslatorFactoryInitiator - HHH000397: Using ASTQueryTranslatorFactory
21:41:13.992 [main] DEBUG org.hibernate.SQL - select max(order0_.order_num) as col_0_0_ from ORDER_FROM_MENU order0_
21:41:14.075 [main] INFO  c.g.l.controllers.OrderController - Last order id was got.
21:41:32.308 [main] INFO  c.g.l.controllers.DishController - Start getting all dishes.
21:41:32.348 [main] DEBUG org.hibernate.SQL - select dish0_.id as id1_0_, dish0_.category as category2_0_, dish0_.menu_id as menu_id6_0_, dish0_.name as name3_0_, dish0_.price as price4_0_, dish0_.weight as weight5_0_ from DISH dish0_
21:41:32.405 [main] DEBUG org.hibernate.SQL - select menu0_.id as id1_4_0_, menu0_.name as name2_4_0_, dishlist1_.menu_id as menu_id6_0_1_, dishlist1_.id as id1_0_1_, dishlist1_.id as id1_0_2_, dishlist1_.category as category2_0_2_, dishlist1_.menu_id as menu_id6_0_2_, dishlist1_.name as name3_0_2_, dishlist1_.price as price4_0_2_, dishlist1_.weight as weight5_0_2_, ingredient2_.dish_id as dish_id1_1_3_, ingredient3_.id as ingred_i2_1_3_, ingredient3_.id as id1_3_4_, ingredient3_.name as name2_3_4_ from MENU menu0_ left outer join DISH dishlist1_ on menu0_.id=dishlist1_.menu_id left outer join DISH_INGTREDIENTS ingredient2_ on dishlist1_.id=ingredient2_.dish_id left outer join INGREDIENT ingredient3_ on ingredient2_.ingred_id=ingredient3_.id where menu0_.id=?
21:41:32.523 [main] DEBUG org.hibernate.SQL - select menu0_.id as id1_4_0_, menu0_.name as name2_4_0_, dishlist1_.menu_id as menu_id6_0_1_, dishlist1_.id as id1_0_1_, dishlist1_.id as id1_0_2_, dishlist1_.category as category2_0_2_, dishlist1_.menu_id as menu_id6_0_2_, dishlist1_.name as name3_0_2_, dishlist1_.price as price4_0_2_, dishlist1_.weight as weight5_0_2_, ingredient2_.dish_id as dish_id1_1_3_, ingredient3_.id as ingred_i2_1_3_, ingredient3_.id as id1_3_4_, ingredient3_.name as name2_3_4_ from MENU menu0_ left outer join DISH dishlist1_ on menu0_.id=dishlist1_.menu_id left outer join DISH_INGTREDIENTS ingredient2_ on dishlist1_.id=ingredient2_.dish_id left outer join INGREDIENT ingredient3_ on ingredient2_.ingred_id=ingredient3_.id where menu0_.id=?
21:41:32.528 [main] DEBUG org.hibernate.SQL - select menu0_.id as id1_4_0_, menu0_.name as name2_4_0_, dishlist1_.menu_id as menu_id6_0_1_, dishlist1_.id as id1_0_1_, dishlist1_.id as id1_0_2_, dishlist1_.category as category2_0_2_, dishlist1_.menu_id as menu_id6_0_2_, dishlist1_.name as name3_0_2_, dishlist1_.price as price4_0_2_, dishlist1_.weight as weight5_0_2_, ingredient2_.dish_id as dish_id1_1_3_, ingredient3_.id as ingred_i2_1_3_, ingredient3_.id as id1_3_4_, ingredient3_.name as name2_3_4_ from MENU menu0_ left outer join DISH dishlist1_ on menu0_.id=dishlist1_.menu_id left outer join DISH_INGTREDIENTS ingredient2_ on dishlist1_.id=ingredient2_.dish_id left outer join INGREDIENT ingredient3_ on ingredient2_.ingred_id=ingredient3_.id where menu0_.id=?
21:41:32.538 [main] DEBUG org.hibernate.SQL - select menu0_.id as id1_4_0_, menu0_.name as name2_4_0_, dishlist1_.menu_id as menu_id6_0_1_, dishlist1_.id as id1_0_1_, dishlist1_.id as id1_0_2_, dishlist1_.category as category2_0_2_, dishlist1_.menu_id as menu_id6_0_2_, dishlist1_.name as name3_0_2_, dishlist1_.price as price4_0_2_, dishlist1_.weight as weight5_0_2_, ingredient2_.dish_id as dish_id1_1_3_, ingredient3_.id as ingred_i2_1_3_, ingredient3_.id as id1_3_4_, ingredient3_.name as name2_3_4_ from MENU menu0_ left outer join DISH dishlist1_ on menu0_.id=dishlist1_.menu_id left outer join DISH_INGTREDIENTS ingredient2_ on dishlist1_.id=ingredient2_.dish_id left outer join INGREDIENT ingredient3_ on ingredient2_.ingred_id=ingredient3_.id where menu0_.id=?
21:41:32.542 [main] INFO  c.g.l.controllers.DishController - All dishes are got.
21:41:46.559 [main] INFO  c.g.l.controllers.DishController - Try to get dish by name.
21:41:46.582 [main] DEBUG org.hibernate.SQL - select dish0_.id as id1_0_, dish0_.category as category2_0_, dish0_.menu_id as menu_id6_0_, dish0_.name as name3_0_, dish0_.price as price4_0_, dish0_.weight as weight5_0_ from DISH dish0_ where dish0_.name like ?
21:41:46.622 [main] DEBUG org.hibernate.SQL - select menu0_.id as id1_4_0_, menu0_.name as name2_4_0_, dishlist1_.menu_id as menu_id6_0_1_, dishlist1_.id as id1_0_1_, dishlist1_.id as id1_0_2_, dishlist1_.category as category2_0_2_, dishlist1_.menu_id as menu_id6_0_2_, dishlist1_.name as name3_0_2_, dishlist1_.price as price4_0_2_, dishlist1_.weight as weight5_0_2_, ingredient2_.dish_id as dish_id1_1_3_, ingredient3_.id as ingred_i2_1_3_, ingredient3_.id as id1_3_4_, ingredient3_.name as name2_3_4_ from MENU menu0_ left outer join DISH dishlist1_ on menu0_.id=dishlist1_.menu_id left outer join DISH_INGTREDIENTS ingredient2_ on dishlist1_.id=ingredient2_.dish_id left outer join INGREDIENT ingredient3_ on ingredient2_.ingred_id=ingredient3_.id where menu0_.id=?
21:41:46.629 [main] INFO  c.g.l.controllers.DishController - Dish is got by name.
21:41:46.648 [main] INFO  c.g.l.c.WarehouseController - Trying to check availability of ingredients to create ready meal
21:41:46.673 [main] DEBUG org.hibernate.SQL - select warehouse0_.amount as col_0_0_ from WAREHOUSE warehouse0_ where warehouse0_.ingred_id=(select ingredient1_.id from INGREDIENT ingredient1_ where ingredient1_.name=?)
21:41:46.701 [main] DEBUG org.hibernate.SQL - select warehouse0_.amount as col_0_0_ from WAREHOUSE warehouse0_ where warehouse0_.ingred_id=(select ingredient1_.id from INGREDIENT ingredient1_ where ingredient1_.name=?)
21:41:46.704 [main] DEBUG org.hibernate.SQL - select warehouse0_.amount as col_0_0_ from WAREHOUSE warehouse0_ where warehouse0_.ingred_id=(select ingredient1_.id from INGREDIENT ingredient1_ where ingredient1_.name=?)
21:41:46.722 [main] INFO  c.g.l.controllers.EmployeeController - Try to get all employees
21:41:46.737 [main] DEBUG org.hibernate.SQL - select employee0_.id as id2_2_, employee0_.empl_date as empl_dat3_2_, employee0_.first_name as first_na4_2_, employee0_.phone as phone5_2_, employee0_.position as position6_2_, employee0_.salary as salary7_2_, employee0_.second_name as second_n8_2_, employee0_.DTYPE as DTYPE1_2_ from EMPLOYEE employee0_
21:41:46.775 [main] INFO  c.g.l.controllers.EmployeeController - All employees are got.
21:42:05.868 [main] DEBUG org.hibernate.SQL - select employee0_.id as id2_2_, employee0_.empl_date as empl_dat3_2_, employee0_.first_name as first_na4_2_, employee0_.phone as phone5_2_, employee0_.position as position6_2_, employee0_.salary as salary7_2_, employee0_.second_name as second_n8_2_, employee0_.DTYPE as DTYPE1_2_ from EMPLOYEE employee0_ where employee0_.second_name=? and employee0_.first_name=?
21:42:05.874 [main] INFO  c.g.l.controllers.OrderController - Trying to get opened orders.
21:42:05.877 [main] DEBUG org.hibernate.SQL - select order0_.id as id1_6_, order0_.employee_id as employee6_6_, order0_.order_date as order_da2_6_, order0_.order_num as order_nu3_6_, order0_.status as status4_6_, order0_.table_num as table_nu5_6_ from ORDER_FROM_MENU order0_ where order0_.status=?
21:42:05.879 [main] DEBUG org.hibernate.SQL - select employee0_.id as id2_2_0_, employee0_.empl_date as empl_dat3_2_0_, employee0_.first_name as first_na4_2_0_, employee0_.phone as phone5_2_0_, employee0_.position as position6_2_0_, employee0_.salary as salary7_2_0_, employee0_.second_name as second_n8_2_0_, employee0_.DTYPE as DTYPE1_2_0_ from EMPLOYEE employee0_ where employee0_.id=?
21:42:05.881 [main] DEBUG org.hibernate.SQL - select employee0_.id as id2_2_0_, employee0_.empl_date as empl_dat3_2_0_, employee0_.first_name as first_na4_2_0_, employee0_.phone as phone5_2_0_, employee0_.position as position6_2_0_, employee0_.salary as salary7_2_0_, employee0_.second_name as second_n8_2_0_, employee0_.DTYPE as DTYPE1_2_0_ from EMPLOYEE employee0_ where employee0_.id=?
21:42:05.883 [main] DEBUG org.hibernate.SQL - select employee0_.id as id2_2_0_, employee0_.empl_date as empl_dat3_2_0_, employee0_.first_name as first_na4_2_0_, employee0_.phone as phone5_2_0_, employee0_.position as position6_2_0_, employee0_.salary as salary7_2_0_, employee0_.second_name as second_n8_2_0_, employee0_.DTYPE as DTYPE1_2_0_ from EMPLOYEE employee0_ where employee0_.id=?
21:42:05.885 [main] INFO  c.g.l.controllers.OrderController - Orders were got.
21:42:15.168 [main] INFO  c.g.l.controllers.OrderController - Trying to get order by id 4
21:42:15.174 [main] DEBUG org.hibernate.SQL - select order0_.id as id1_6_, order0_.employee_id as employee6_6_, order0_.order_date as order_da2_6_, order0_.order_num as order_nu3_6_, order0_.status as status4_6_, order0_.table_num as table_nu5_6_ from ORDER_FROM_MENU order0_ where order0_.id=?
21:42:15.179 [main] DEBUG org.hibernate.SQL - select employee0_.id as id2_2_0_, employee0_.empl_date as empl_dat3_2_0_, employee0_.first_name as first_na4_2_0_, employee0_.phone as phone5_2_0_, employee0_.position as position6_2_0_, employee0_.salary as salary7_2_0_, employee0_.second_name as second_n8_2_0_, employee0_.DTYPE as DTYPE1_2_0_ from EMPLOYEE employee0_ where employee0_.id=?
21:42:15.182 [main] INFO  c.g.l.controllers.OrderController - Order by id 4 is got.
21:42:15.198 [main] INFO  c.g.l.c.ReadyMealController - Trying to persist meal.
21:42:15.209 [main] DEBUG org.hibernate.SQL - select max(id) from READY_MEALS
21:42:15.267 [main] INFO  c.g.l.c.ReadyMealController - Beef try to change amount
21:42:15.273 [main] ERROR c.g.l.c.ReadyMealController - Cannot persist ready meal org.hibernate.QueryException: Named parameter [name] not set
22:46:55.295 [MLog-Init-Reporter] INFO  com.mchange.v2.log.MLog - MLog clients using slf4j logging.
22:46:55.541 [main] INFO  com.mchange.v2.c3p0.C3P0Registry - Initializing c3p0-0.9.5.2 [built 08-December-2015 22:06:04 -0800; debug? true; trace: 10]
22:46:56.110 [main] INFO  org.hibernate.Version - HHH000412: Hibernate Core {5.2.0.Final}
22:46:56.114 [main] INFO  org.hibernate.cfg.Environment - HHH000206: hibernate.properties not found
22:46:56.116 [main] INFO  org.hibernate.cfg.Environment - HHH000021: Bytecode provider name : javassist
22:46:56.254 [main] INFO  o.h.annotations.common.Version - HCANN000001: Hibernate Commons Annotations {5.0.1.Final}
22:46:56.450 [main] INFO  c.m.v.c.i.AbstractPoolBackedDataSource - Initializing c3p0 pool... com.mchange.v2.c3p0.ComboPooledDataSource [ acquireIncrement -> 1, acquireRetryAttempts -> 30, acquireRetryDelay -> 1000, autoCommitOnClose -> false, automaticTestTable -> null, breakAfterAcquireFailure -> false, checkoutTimeout -> 0, connectionCustomizerClassName -> null, connectionTesterClassName -> com.mchange.v2.c3p0.impl.DefaultConnectionTester, contextClassLoaderSource -> caller, dataSourceName -> z8kfsx9h17r7z8l46eoxx|2ef3eef9, debugUnreturnedConnectionStackTraces -> false, description -> null, driverClass -> com.mysql.jdbc.Driver, extensions -> {}, factoryClassLocation -> null, forceIgnoreUnresolvedTransactions -> false, forceSynchronousCheckins -> false, forceUseNamedDriverClass -> false, identityToken -> z8kfsx9h17r7z8l46eoxx|2ef3eef9, idleConnectionTestPeriod -> 0, initialPoolSize -> 3, jdbcUrl -> jdbc:mysql://localhost:3306/restaurantH, maxAdministrativeTaskTime -> 0, maxConnectionAge -> 0, maxIdleTime -> 0, maxIdleTimeExcessConnections -> 0, maxPoolSize -> 10, maxStatements -> 0, maxStatementsPerConnection -> 0, minPoolSize -> 1, numHelperThreads -> 3, preferredTestQuery -> null, privilegeSpawnedThreads -> false, properties -> {user=******, password=******}, propertyCycle -> 0, statementCacheNumDeferredCloseThreads -> 0, testConnectionOnCheckin -> false, testConnectionOnCheckout -> false, unreturnedConnectionTimeout -> 0, userOverrides -> {}, usesTraditionalReflectiveProxies -> false ]
22:46:56.835 [main] INFO  org.hibernate.dialect.Dialect - HHH000400: Using dialect: org.hibernate.dialect.MySQL5Dialect
22:46:58.495 [main] INFO  c.g.l.controllers.OrderController - Trying to get last order id.
22:46:58.530 [main] INFO  o.h.h.i.QueryTranslatorFactoryInitiator - HHH000397: Using ASTQueryTranslatorFactory
22:46:58.724 [main] DEBUG org.hibernate.SQL - select max(order0_.order_num) as col_0_0_ from ORDER_FROM_MENU order0_
22:46:58.752 [main] INFO  c.g.l.controllers.OrderController - Last order id was got.
22:47:23.203 [main] INFO  c.g.l.controllers.OrderController - Trying to print all opened orders.
22:47:23.204 [main] INFO  c.g.l.controllers.OrderController - Trying to get opened orders.
22:47:23.220 [main] DEBUG org.hibernate.SQL - select order0_.id as id1_6_, order0_.employee_id as employee6_6_, order0_.order_date as order_da2_6_, order0_.order_num as order_nu3_6_, order0_.status as status4_6_, order0_.table_num as table_nu5_6_ from ORDER_FROM_MENU order0_ where order0_.status=?
22:47:23.248 [main] DEBUG org.hibernate.SQL - select employee0_.id as id2_2_0_, employee0_.empl_date as empl_dat3_2_0_, employee0_.first_name as first_na4_2_0_, employee0_.phone as phone5_2_0_, employee0_.position as position6_2_0_, employee0_.salary as salary7_2_0_, employee0_.second_name as second_n8_2_0_, employee0_.DTYPE as DTYPE1_2_0_ from EMPLOYEE employee0_ where employee0_.id=?
22:47:23.256 [main] DEBUG org.hibernate.SQL - select employee0_.id as id2_2_0_, employee0_.empl_date as empl_dat3_2_0_, employee0_.first_name as first_na4_2_0_, employee0_.phone as phone5_2_0_, employee0_.position as position6_2_0_, employee0_.salary as salary7_2_0_, employee0_.second_name as second_n8_2_0_, employee0_.DTYPE as DTYPE1_2_0_ from EMPLOYEE employee0_ where employee0_.id=?
22:47:23.259 [main] DEBUG org.hibernate.SQL - select employee0_.id as id2_2_0_, employee0_.empl_date as empl_dat3_2_0_, employee0_.first_name as first_na4_2_0_, employee0_.phone as phone5_2_0_, employee0_.position as position6_2_0_, employee0_.salary as salary7_2_0_, employee0_.second_name as second_n8_2_0_, employee0_.DTYPE as DTYPE1_2_0_ from EMPLOYEE employee0_ where employee0_.id=?
22:47:23.262 [main] INFO  c.g.l.controllers.OrderController - Orders were got.
22:47:23.266 [main] DEBUG org.hibernate.SQL - select dishlist0_.order_id as order_id1_5_0_, dishlist0_.dish_id as dish_id2_5_0_, dish1_.id as id1_0_1_, dish1_.category as category2_0_1_, dish1_.menu_id as menu_id6_0_1_, dish1_.name as name3_0_1_, dish1_.price as price4_0_1_, dish1_.weight as weight5_0_1_, menu2_.id as id1_4_2_, menu2_.name as name2_4_2_ from ORDER_DISH dishlist0_ inner join DISH dish1_ on dishlist0_.dish_id=dish1_.id left outer join MENU menu2_ on dish1_.menu_id=menu2_.id where dishlist0_.order_id=?
22:47:23.307 [main] DEBUG org.hibernate.SQL - select dishlist0_.menu_id as menu_id6_0_0_, dishlist0_.id as id1_0_0_, dishlist0_.id as id1_0_1_, dishlist0_.category as category2_0_1_, dishlist0_.menu_id as menu_id6_0_1_, dishlist0_.name as name3_0_1_, dishlist0_.price as price4_0_1_, dishlist0_.weight as weight5_0_1_ from DISH dishlist0_ where dishlist0_.menu_id=?
22:47:23.309 [main] DEBUG org.hibernate.SQL - select ingredient0_.dish_id as dish_id1_1_0_, ingredient0_.ingred_id as ingred_i2_1_0_, ingredient1_.id as id1_3_1_, ingredient1_.name as name2_3_1_ from DISH_INGTREDIENTS ingredient0_ inner join INGREDIENT ingredient1_ on ingredient0_.ingred_id=ingredient1_.id where ingredient0_.dish_id=?
22:47:23.311 [main] DEBUG org.hibernate.SQL - select ingredient0_.dish_id as dish_id1_1_0_, ingredient0_.ingred_id as ingred_i2_1_0_, ingredient1_.id as id1_3_1_, ingredient1_.name as name2_3_1_ from DISH_INGTREDIENTS ingredient0_ inner join INGREDIENT ingredient1_ on ingredient0_.ingred_id=ingredient1_.id where ingredient0_.dish_id=?
22:47:23.313 [main] DEBUG org.hibernate.SQL - select dishlist0_.menu_id as menu_id6_0_0_, dishlist0_.id as id1_0_0_, dishlist0_.id as id1_0_1_, dishlist0_.category as category2_0_1_, dishlist0_.menu_id as menu_id6_0_1_, dishlist0_.name as name3_0_1_, dishlist0_.price as price4_0_1_, dishlist0_.weight as weight5_0_1_ from DISH dishlist0_ where dishlist0_.menu_id=?
22:47:23.315 [main] DEBUG org.hibernate.SQL - select ingredient0_.dish_id as dish_id1_1_0_, ingredient0_.ingred_id as ingred_i2_1_0_, ingredient1_.id as id1_3_1_, ingredient1_.name as name2_3_1_ from DISH_INGTREDIENTS ingredient0_ inner join INGREDIENT ingredient1_ on ingredient0_.ingred_id=ingredient1_.id where ingredient0_.dish_id=?
22:47:23.316 [main] DEBUG org.hibernate.SQL - select dishlist0_.menu_id as menu_id6_0_0_, dishlist0_.id as id1_0_0_, dishlist0_.id as id1_0_1_, dishlist0_.category as category2_0_1_, dishlist0_.menu_id as menu_id6_0_1_, dishlist0_.name as name3_0_1_, dishlist0_.price as price4_0_1_, dishlist0_.weight as weight5_0_1_ from DISH dishlist0_ where dishlist0_.menu_id=?
22:47:23.319 [main] DEBUG org.hibernate.SQL - select ingredient0_.dish_id as dish_id1_1_0_, ingredient0_.ingred_id as ingred_i2_1_0_, ingredient1_.id as id1_3_1_, ingredient1_.name as name2_3_1_ from DISH_INGTREDIENTS ingredient0_ inner join INGREDIENT ingredient1_ on ingredient0_.ingred_id=ingredient1_.id where ingredient0_.dish_id=?
22:47:23.322 [main] DEBUG org.hibernate.SQL - select ingredient0_.dish_id as dish_id1_1_0_, ingredient0_.ingred_id as ingred_i2_1_0_, ingredient1_.id as id1_3_1_, ingredient1_.name as name2_3_1_ from DISH_INGTREDIENTS ingredient0_ inner join INGREDIENT ingredient1_ on ingredient0_.ingred_id=ingredient1_.id where ingredient0_.dish_id=?
22:47:23.324 [main] DEBUG org.hibernate.SQL - select dishlist0_.order_id as order_id1_5_0_, dishlist0_.dish_id as dish_id2_5_0_, dish1_.id as id1_0_1_, dish1_.category as category2_0_1_, dish1_.menu_id as menu_id6_0_1_, dish1_.name as name3_0_1_, dish1_.price as price4_0_1_, dish1_.weight as weight5_0_1_, menu2_.id as id1_4_2_, menu2_.name as name2_4_2_ from ORDER_DISH dishlist0_ inner join DISH dish1_ on dishlist0_.dish_id=dish1_.id left outer join MENU menu2_ on dish1_.menu_id=menu2_.id where dishlist0_.order_id=?
22:47:23.327 [main] DEBUG org.hibernate.SQL - select dishlist0_.menu_id as menu_id6_0_0_, dishlist0_.id as id1_0_0_, dishlist0_.id as id1_0_1_, dishlist0_.category as category2_0_1_, dishlist0_.menu_id as menu_id6_0_1_, dishlist0_.name as name3_0_1_, dishlist0_.price as price4_0_1_, dishlist0_.weight as weight5_0_1_ from DISH dishlist0_ where dishlist0_.menu_id=?
22:47:23.329 [main] DEBUG org.hibernate.SQL - select ingredient0_.dish_id as dish_id1_1_0_, ingredient0_.ingred_id as ingred_i2_1_0_, ingredient1_.id as id1_3_1_, ingredient1_.name as name2_3_1_ from DISH_INGTREDIENTS ingredient0_ inner join INGREDIENT ingredient1_ on ingredient0_.ingred_id=ingredient1_.id where ingredient0_.dish_id=?
22:47:23.332 [main] DEBUG org.hibernate.SQL - select ingredient0_.dish_id as dish_id1_1_0_, ingredient0_.ingred_id as ingred_i2_1_0_, ingredient1_.id as id1_3_1_, ingredient1_.name as name2_3_1_ from DISH_INGTREDIENTS ingredient0_ inner join INGREDIENT ingredient1_ on ingredient0_.ingred_id=ingredient1_.id where ingredient0_.dish_id=?
22:47:23.334 [main] DEBUG org.hibernate.SQL - select dishlist0_.order_id as order_id1_5_0_, dishlist0_.dish_id as dish_id2_5_0_, dish1_.id as id1_0_1_, dish1_.category as category2_0_1_, dish1_.menu_id as menu_id6_0_1_, dish1_.name as name3_0_1_, dish1_.price as price4_0_1_, dish1_.weight as weight5_0_1_, menu2_.id as id1_4_2_, menu2_.name as name2_4_2_ from ORDER_DISH dishlist0_ inner join DISH dish1_ on dishlist0_.dish_id=dish1_.id left outer join MENU menu2_ on dish1_.menu_id=menu2_.id where dishlist0_.order_id=?
22:47:23.336 [main] INFO  c.g.l.controllers.OrderController - Orders were printed.
22:47:46.487 [main] INFO  c.g.l.c.ReadyMealController - Trying to get all all ready meals from database.
22:47:46.502 [main] DEBUG org.hibernate.SQL - select readymeal0_.id as id1_7_, readymeal0_.dish_id as dish_id4_7_, readymeal0_.dish_numb as dish_num2_7_, readymeal0_.employee_id as employee5_7_, readymeal0_.meal_date as meal_dat3_7_, readymeal0_.order_id as order_id6_7_ from READY_MEALS readymeal0_
22:47:46.505 [main] DEBUG org.hibernate.SQL - select dish0_.id as id1_0_0_, dish0_.category as category2_0_0_, dish0_.menu_id as menu_id6_0_0_, dish0_.name as name3_0_0_, dish0_.price as price4_0_0_, dish0_.weight as weight5_0_0_, ingredient1_.dish_id as dish_id1_1_1_, ingredient2_.id as ingred_i2_1_1_, ingredient2_.id as id1_3_2_, ingredient2_.name as name2_3_2_, menu3_.id as id1_4_3_, menu3_.name as name2_4_3_ from DISH dish0_ left outer join DISH_INGTREDIENTS ingredient1_ on dish0_.id=ingredient1_.dish_id left outer join INGREDIENT ingredient2_ on ingredient1_.ingred_id=ingredient2_.id left outer join MENU menu3_ on dish0_.menu_id=menu3_.id where dish0_.id=?
22:47:46.510 [main] DEBUG org.hibernate.SQL - select employee0_.id as id2_2_0_, employee0_.empl_date as empl_dat3_2_0_, employee0_.first_name as first_na4_2_0_, employee0_.phone as phone5_2_0_, employee0_.position as position6_2_0_, employee0_.salary as salary7_2_0_, employee0_.second_name as second_n8_2_0_, employee0_.DTYPE as DTYPE1_2_0_ from EMPLOYEE employee0_ where employee0_.id=?
22:47:46.512 [main] DEBUG org.hibernate.SQL - select order0_.id as id1_6_0_, order0_.employee_id as employee6_6_0_, order0_.order_date as order_da2_6_0_, order0_.order_num as order_nu3_6_0_, order0_.status as status4_6_0_, order0_.table_num as table_nu5_6_0_, employee1_.id as id2_2_1_, employee1_.empl_date as empl_dat3_2_1_, employee1_.first_name as first_na4_2_1_, employee1_.phone as phone5_2_1_, employee1_.position as position6_2_1_, employee1_.salary as salary7_2_1_, employee1_.second_name as second_n8_2_1_, employee1_.DTYPE as DTYPE1_2_1_ from ORDER_FROM_MENU order0_ left outer join EMPLOYEE employee1_ on order0_.employee_id=employee1_.id where order0_.id=?
22:47:46.515 [main] DEBUG org.hibernate.SQL - select dish0_.id as id1_0_0_, dish0_.category as category2_0_0_, dish0_.menu_id as menu_id6_0_0_, dish0_.name as name3_0_0_, dish0_.price as price4_0_0_, dish0_.weight as weight5_0_0_, ingredient1_.dish_id as dish_id1_1_1_, ingredient2_.id as ingred_i2_1_1_, ingredient2_.id as id1_3_2_, ingredient2_.name as name2_3_2_, menu3_.id as id1_4_3_, menu3_.name as name2_4_3_ from DISH dish0_ left outer join DISH_INGTREDIENTS ingredient1_ on dish0_.id=ingredient1_.dish_id left outer join INGREDIENT ingredient2_ on ingredient1_.ingred_id=ingredient2_.id left outer join MENU menu3_ on dish0_.menu_id=menu3_.id where dish0_.id=?
22:47:46.518 [main] DEBUG org.hibernate.SQL - select employee0_.id as id2_2_0_, employee0_.empl_date as empl_dat3_2_0_, employee0_.first_name as first_na4_2_0_, employee0_.phone as phone5_2_0_, employee0_.position as position6_2_0_, employee0_.salary as salary7_2_0_, employee0_.second_name as second_n8_2_0_, employee0_.DTYPE as DTYPE1_2_0_ from EMPLOYEE employee0_ where employee0_.id=?
22:47:46.520 [main] DEBUG org.hibernate.SQL - select order0_.id as id1_6_0_, order0_.employee_id as employee6_6_0_, order0_.order_date as order_da2_6_0_, order0_.order_num as order_nu3_6_0_, order0_.status as status4_6_0_, order0_.table_num as table_nu5_6_0_, employee1_.id as id2_2_1_, employee1_.empl_date as empl_dat3_2_1_, employee1_.first_name as first_na4_2_1_, employee1_.phone as phone5_2_1_, employee1_.position as position6_2_1_, employee1_.salary as salary7_2_1_, employee1_.second_name as second_n8_2_1_, employee1_.DTYPE as DTYPE1_2_1_ from ORDER_FROM_MENU order0_ left outer join EMPLOYEE employee1_ on order0_.employee_id=employee1_.id where order0_.id=?
22:47:46.522 [main] DEBUG org.hibernate.SQL - select dishlist0_.menu_id as menu_id6_0_0_, dishlist0_.id as id1_0_0_, dishlist0_.id as id1_0_1_, dishlist0_.category as category2_0_1_, dishlist0_.menu_id as menu_id6_0_1_, dishlist0_.name as name3_0_1_, dishlist0_.price as price4_0_1_, dishlist0_.weight as weight5_0_1_ from DISH dishlist0_ where dishlist0_.menu_id=?
22:47:46.525 [main] DEBUG org.hibernate.SQL - select ingredient0_.dish_id as dish_id1_1_0_, ingredient0_.ingred_id as ingred_i2_1_0_, ingredient1_.id as id1_3_1_, ingredient1_.name as name2_3_1_ from DISH_INGTREDIENTS ingredient0_ inner join INGREDIENT ingredient1_ on ingredient0_.ingred_id=ingredient1_.id where ingredient0_.dish_id=?
22:47:46.528 [main] DEBUG org.hibernate.SQL - select dishlist0_.menu_id as menu_id6_0_0_, dishlist0_.id as id1_0_0_, dishlist0_.id as id1_0_1_, dishlist0_.category as category2_0_1_, dishlist0_.menu_id as menu_id6_0_1_, dishlist0_.name as name3_0_1_, dishlist0_.price as price4_0_1_, dishlist0_.weight as weight5_0_1_ from DISH dishlist0_ where dishlist0_.menu_id=?
22:47:46.530 [main] DEBUG org.hibernate.SQL - select ingredient0_.dish_id as dish_id1_1_0_, ingredient0_.ingred_id as ingred_i2_1_0_, ingredient1_.id as id1_3_1_, ingredient1_.name as name2_3_1_ from DISH_INGTREDIENTS ingredient0_ inner join INGREDIENT ingredient1_ on ingredient0_.ingred_id=ingredient1_.id where ingredient0_.dish_id=?
22:47:46.533 [main] INFO  c.g.l.c.ReadyMealController - List of ready meals were got.
22:48:01.010 [main] INFO  c.g.l.controllers.DishController - Start getting all dishes.
22:48:01.030 [main] DEBUG org.hibernate.SQL - select dish0_.id as id1_0_, dish0_.category as category2_0_, dish0_.menu_id as menu_id6_0_, dish0_.name as name3_0_, dish0_.price as price4_0_, dish0_.weight as weight5_0_ from DISH dish0_
22:48:01.033 [main] DEBUG org.hibernate.SQL - select menu0_.id as id1_4_0_, menu0_.name as name2_4_0_, dishlist1_.menu_id as menu_id6_0_1_, dishlist1_.id as id1_0_1_, dishlist1_.id as id1_0_2_, dishlist1_.category as category2_0_2_, dishlist1_.menu_id as menu_id6_0_2_, dishlist1_.name as name3_0_2_, dishlist1_.price as price4_0_2_, dishlist1_.weight as weight5_0_2_, ingredient2_.dish_id as dish_id1_1_3_, ingredient3_.id as ingred_i2_1_3_, ingredient3_.id as id1_3_4_, ingredient3_.name as name2_3_4_ from MENU menu0_ left outer join DISH dishlist1_ on menu0_.id=dishlist1_.menu_id left outer join DISH_INGTREDIENTS ingredient2_ on dishlist1_.id=ingredient2_.dish_id left outer join INGREDIENT ingredient3_ on ingredient2_.ingred_id=ingredient3_.id where menu0_.id=?
22:48:01.040 [main] DEBUG org.hibernate.SQL - select menu0_.id as id1_4_0_, menu0_.name as name2_4_0_, dishlist1_.menu_id as menu_id6_0_1_, dishlist1_.id as id1_0_1_, dishlist1_.id as id1_0_2_, dishlist1_.category as category2_0_2_, dishlist1_.menu_id as menu_id6_0_2_, dishlist1_.name as name3_0_2_, dishlist1_.price as price4_0_2_, dishlist1_.weight as weight5_0_2_, ingredient2_.dish_id as dish_id1_1_3_, ingredient3_.id as ingred_i2_1_3_, ingredient3_.id as id1_3_4_, ingredient3_.name as name2_3_4_ from MENU menu0_ left outer join DISH dishlist1_ on menu0_.id=dishlist1_.menu_id left outer join DISH_INGTREDIENTS ingredient2_ on dishlist1_.id=ingredient2_.dish_id left outer join INGREDIENT ingredient3_ on ingredient2_.ingred_id=ingredient3_.id where menu0_.id=?
22:48:01.043 [main] DEBUG org.hibernate.SQL - select menu0_.id as id1_4_0_, menu0_.name as name2_4_0_, dishlist1_.menu_id as menu_id6_0_1_, dishlist1_.id as id1_0_1_, dishlist1_.id as id1_0_2_, dishlist1_.category as category2_0_2_, dishlist1_.menu_id as menu_id6_0_2_, dishlist1_.name as name3_0_2_, dishlist1_.price as price4_0_2_, dishlist1_.weight as weight5_0_2_, ingredient2_.dish_id as dish_id1_1_3_, ingredient3_.id as ingred_i2_1_3_, ingredient3_.id as id1_3_4_, ingredient3_.name as name2_3_4_ from MENU menu0_ left outer join DISH dishlist1_ on menu0_.id=dishlist1_.menu_id left outer join DISH_INGTREDIENTS ingredient2_ on dishlist1_.id=ingredient2_.dish_id left outer join INGREDIENT ingredient3_ on ingredient2_.ingred_id=ingredient3_.id where menu0_.id=?
22:48:01.049 [main] DEBUG org.hibernate.SQL - select menu0_.id as id1_4_0_, menu0_.name as name2_4_0_, dishlist1_.menu_id as menu_id6_0_1_, dishlist1_.id as id1_0_1_, dishlist1_.id as id1_0_2_, dishlist1_.category as category2_0_2_, dishlist1_.menu_id as menu_id6_0_2_, dishlist1_.name as name3_0_2_, dishlist1_.price as price4_0_2_, dishlist1_.weight as weight5_0_2_, ingredient2_.dish_id as dish_id1_1_3_, ingredient3_.id as ingred_i2_1_3_, ingredient3_.id as id1_3_4_, ingredient3_.name as name2_3_4_ from MENU menu0_ left outer join DISH dishlist1_ on menu0_.id=dishlist1_.menu_id left outer join DISH_INGTREDIENTS ingredient2_ on dishlist1_.id=ingredient2_.dish_id left outer join INGREDIENT ingredient3_ on ingredient2_.ingred_id=ingredient3_.id where menu0_.id=?
22:48:01.053 [main] INFO  c.g.l.controllers.DishController - All dishes are got.
22:48:05.176 [main] INFO  c.g.l.controllers.DishController - Try to get dish by name.
22:48:05.182 [main] DEBUG org.hibernate.SQL - select dish0_.id as id1_0_, dish0_.category as category2_0_, dish0_.menu_id as menu_id6_0_, dish0_.name as name3_0_, dish0_.price as price4_0_, dish0_.weight as weight5_0_ from DISH dish0_ where dish0_.name like ?
22:48:05.185 [main] DEBUG org.hibernate.SQL - select menu0_.id as id1_4_0_, menu0_.name as name2_4_0_, dishlist1_.menu_id as menu_id6_0_1_, dishlist1_.id as id1_0_1_, dishlist1_.id as id1_0_2_, dishlist1_.category as category2_0_2_, dishlist1_.menu_id as menu_id6_0_2_, dishlist1_.name as name3_0_2_, dishlist1_.price as price4_0_2_, dishlist1_.weight as weight5_0_2_, ingredient2_.dish_id as dish_id1_1_3_, ingredient3_.id as ingred_i2_1_3_, ingredient3_.id as id1_3_4_, ingredient3_.name as name2_3_4_ from MENU menu0_ left outer join DISH dishlist1_ on menu0_.id=dishlist1_.menu_id left outer join DISH_INGTREDIENTS ingredient2_ on dishlist1_.id=ingredient2_.dish_id left outer join INGREDIENT ingredient3_ on ingredient2_.ingred_id=ingredient3_.id where menu0_.id=?
22:48:05.191 [main] INFO  c.g.l.controllers.DishController - Dish is got by name.
22:48:05.207 [main] INFO  c.g.l.c.WarehouseController - Trying to check availability of ingredients to create ready meal
22:48:05.233 [main] DEBUG org.hibernate.SQL - select warehouse0_.amount as col_0_0_ from WAREHOUSE warehouse0_ where warehouse0_.ingred_id=(select ingredient1_.id from INGREDIENT ingredient1_ where ingredient1_.name=?)
22:48:05.235 [main] DEBUG org.hibernate.SQL - select warehouse0_.amount as col_0_0_ from WAREHOUSE warehouse0_ where warehouse0_.ingred_id=(select ingredient1_.id from INGREDIENT ingredient1_ where ingredient1_.name=?)
22:48:05.236 [main] DEBUG org.hibernate.SQL - select warehouse0_.amount as col_0_0_ from WAREHOUSE warehouse0_ where warehouse0_.ingred_id=(select ingredient1_.id from INGREDIENT ingredient1_ where ingredient1_.name=?)
22:48:05.251 [main] INFO  c.g.l.controllers.EmployeeController - Try to get all employees
22:48:05.266 [main] DEBUG org.hibernate.SQL - select employee0_.id as id2_2_, employee0_.empl_date as empl_dat3_2_, employee0_.first_name as first_na4_2_, employee0_.phone as phone5_2_, employee0_.position as position6_2_, employee0_.salary as salary7_2_, employee0_.second_name as second_n8_2_, employee0_.DTYPE as DTYPE1_2_ from EMPLOYEE employee0_
22:48:05.270 [main] INFO  c.g.l.controllers.EmployeeController - All employees are got.
22:48:20.266 [main] DEBUG org.hibernate.SQL - select employee0_.id as id2_2_, employee0_.empl_date as empl_dat3_2_, employee0_.first_name as first_na4_2_, employee0_.phone as phone5_2_, employee0_.position as position6_2_, employee0_.salary as salary7_2_, employee0_.second_name as second_n8_2_, employee0_.DTYPE as DTYPE1_2_ from EMPLOYEE employee0_ where employee0_.second_name=? and employee0_.first_name=?
22:48:20.269 [main] INFO  c.g.l.controllers.OrderController - Trying to get opened orders.
22:48:20.270 [main] DEBUG org.hibernate.SQL - select order0_.id as id1_6_, order0_.employee_id as employee6_6_, order0_.order_date as order_da2_6_, order0_.order_num as order_nu3_6_, order0_.status as status4_6_, order0_.table_num as table_nu5_6_ from ORDER_FROM_MENU order0_ where order0_.status=?
22:48:20.271 [main] DEBUG org.hibernate.SQL - select employee0_.id as id2_2_0_, employee0_.empl_date as empl_dat3_2_0_, employee0_.first_name as first_na4_2_0_, employee0_.phone as phone5_2_0_, employee0_.position as position6_2_0_, employee0_.salary as salary7_2_0_, employee0_.second_name as second_n8_2_0_, employee0_.DTYPE as DTYPE1_2_0_ from EMPLOYEE employee0_ where employee0_.id=?
22:48:20.273 [main] DEBUG org.hibernate.SQL - select employee0_.id as id2_2_0_, employee0_.empl_date as empl_dat3_2_0_, employee0_.first_name as first_na4_2_0_, employee0_.phone as phone5_2_0_, employee0_.position as position6_2_0_, employee0_.salary as salary7_2_0_, employee0_.second_name as second_n8_2_0_, employee0_.DTYPE as DTYPE1_2_0_ from EMPLOYEE employee0_ where employee0_.id=?
22:48:20.274 [main] DEBUG org.hibernate.SQL - select employee0_.id as id2_2_0_, employee0_.empl_date as empl_dat3_2_0_, employee0_.first_name as first_na4_2_0_, employee0_.phone as phone5_2_0_, employee0_.position as position6_2_0_, employee0_.salary as salary7_2_0_, employee0_.second_name as second_n8_2_0_, employee0_.DTYPE as DTYPE1_2_0_ from EMPLOYEE employee0_ where employee0_.id=?
22:48:20.276 [main] INFO  c.g.l.controllers.OrderController - Orders were got.
22:48:22.423 [main] INFO  c.g.l.controllers.OrderController - Trying to get order by id 4
22:48:22.430 [main] DEBUG org.hibernate.SQL - select order0_.id as id1_6_, order0_.employee_id as employee6_6_, order0_.order_date as order_da2_6_, order0_.order_num as order_nu3_6_, order0_.status as status4_6_, order0_.table_num as table_nu5_6_ from ORDER_FROM_MENU order0_ where order0_.id=?
22:48:22.433 [main] DEBUG org.hibernate.SQL - select employee0_.id as id2_2_0_, employee0_.empl_date as empl_dat3_2_0_, employee0_.first_name as first_na4_2_0_, employee0_.phone as phone5_2_0_, employee0_.position as position6_2_0_, employee0_.salary as salary7_2_0_, employee0_.second_name as second_n8_2_0_, employee0_.DTYPE as DTYPE1_2_0_ from EMPLOYEE employee0_ where employee0_.id=?
22:48:22.435 [main] INFO  c.g.l.controllers.OrderController - Order by id 4 is got.
22:48:22.437 [main] INFO  c.g.l.c.ReadyMealController - Trying to persist meal.
22:48:22.440 [main] DEBUG org.hibernate.SQL - select max(id) from READY_MEALS
22:48:22.445 [main] INFO  c.g.l.c.ReadyMealController - rise try to change amount
22:48:22.451 [main] DEBUG org.hibernate.SQL - select warehouse0_.id as id1_8_, warehouse0_.amount as amount2_8_, warehouse0_.ingred_id as ingred_i3_8_ from WAREHOUSE warehouse0_ where warehouse0_.ingred_id=(select ingredient1_.id from INGREDIENT ingredient1_ where ingredient1_.name=?)
22:48:22.452 [main] DEBUG org.hibernate.SQL - select ingredient0_.id as id1_3_0_, ingredient0_.name as name2_3_0_ from INGREDIENT ingredient0_ where ingredient0_.id=?
22:48:22.454 [main] INFO  c.g.l.c.ReadyMealController - rise amount was successfully changed
22:48:22.454 [main] INFO  c.g.l.c.ReadyMealController - carrot try to change amount
22:48:22.465 [main] DEBUG org.hibernate.SQL - insert into READY_MEALS (dish_id, dish_numb, employee_id, meal_date, order_id, id) values (?, ?, ?, ?, ?, ?)
22:48:22.499 [main] DEBUG org.hibernate.SQL - update WAREHOUSE set amount=?, ingred_id=? where id=?
22:48:22.500 [main] DEBUG org.hibernate.SQL - select warehouse0_.id as id1_8_, warehouse0_.amount as amount2_8_, warehouse0_.ingred_id as ingred_i3_8_ from WAREHOUSE warehouse0_ where warehouse0_.ingred_id=(select ingredient1_.id from INGREDIENT ingredient1_ where ingredient1_.name=?)
22:48:22.501 [main] DEBUG org.hibernate.SQL - select ingredient0_.id as id1_3_0_, ingredient0_.name as name2_3_0_ from INGREDIENT ingredient0_ where ingredient0_.id=?
22:48:22.503 [main] INFO  c.g.l.c.ReadyMealController - carrot amount was successfully changed
22:48:22.503 [main] INFO  c.g.l.c.ReadyMealController - lamb-meat try to change amount
22:48:22.503 [main] DEBUG org.hibernate.SQL - update WAREHOUSE set amount=?, ingred_id=? where id=?
22:48:22.505 [main] DEBUG org.hibernate.SQL - select warehouse0_.id as id1_8_, warehouse0_.amount as amount2_8_, warehouse0_.ingred_id as ingred_i3_8_ from WAREHOUSE warehouse0_ where warehouse0_.ingred_id=(select ingredient1_.id from INGREDIENT ingredient1_ where ingredient1_.name=?)
22:48:22.506 [main] DEBUG org.hibernate.SQL - select ingredient0_.id as id1_3_0_, ingredient0_.name as name2_3_0_ from INGREDIENT ingredient0_ where ingredient0_.id=?
22:48:22.509 [main] INFO  c.g.l.c.ReadyMealController - lamb-meat amount was successfully changed
22:48:22.509 [main] INFO  c.g.l.c.ReadyMealController - Ready meal was persisted to database.
22:48:22.510 [main] DEBUG org.hibernate.SQL - update WAREHOUSE set amount=?, ingred_id=? where id=?
22:48:33.231 [main] INFO  c.g.l.c.ReadyMealController - Trying to get all all ready meals from database.
22:48:33.232 [main] DEBUG org.hibernate.SQL - select readymeal0_.id as id1_7_, readymeal0_.dish_id as dish_id4_7_, readymeal0_.dish_numb as dish_num2_7_, readymeal0_.employee_id as employee5_7_, readymeal0_.meal_date as meal_dat3_7_, readymeal0_.order_id as order_id6_7_ from READY_MEALS readymeal0_
22:48:33.236 [main] DEBUG org.hibernate.SQL - select dish0_.id as id1_0_0_, dish0_.category as category2_0_0_, dish0_.menu_id as menu_id6_0_0_, dish0_.name as name3_0_0_, dish0_.price as price4_0_0_, dish0_.weight as weight5_0_0_, ingredient1_.dish_id as dish_id1_1_1_, ingredient2_.id as ingred_i2_1_1_, ingredient2_.id as id1_3_2_, ingredient2_.name as name2_3_2_, menu3_.id as id1_4_3_, menu3_.name as name2_4_3_ from DISH dish0_ left outer join DISH_INGTREDIENTS ingredient1_ on dish0_.id=ingredient1_.dish_id left outer join INGREDIENT ingredient2_ on ingredient1_.ingred_id=ingredient2_.id left outer join MENU menu3_ on dish0_.menu_id=menu3_.id where dish0_.id=?
22:48:33.239 [main] DEBUG org.hibernate.SQL - select employee0_.id as id2_2_0_, employee0_.empl_date as empl_dat3_2_0_, employee0_.first_name as first_na4_2_0_, employee0_.phone as phone5_2_0_, employee0_.position as position6_2_0_, employee0_.salary as salary7_2_0_, employee0_.second_name as second_n8_2_0_, employee0_.DTYPE as DTYPE1_2_0_ from EMPLOYEE employee0_ where employee0_.id=?
22:48:33.241 [main] DEBUG org.hibernate.SQL - select order0_.id as id1_6_0_, order0_.employee_id as employee6_6_0_, order0_.order_date as order_da2_6_0_, order0_.order_num as order_nu3_6_0_, order0_.status as status4_6_0_, order0_.table_num as table_nu5_6_0_, employee1_.id as id2_2_1_, employee1_.empl_date as empl_dat3_2_1_, employee1_.first_name as first_na4_2_1_, employee1_.phone as phone5_2_1_, employee1_.position as position6_2_1_, employee1_.salary as salary7_2_1_, employee1_.second_name as second_n8_2_1_, employee1_.DTYPE as DTYPE1_2_1_ from ORDER_FROM_MENU order0_ left outer join EMPLOYEE employee1_ on order0_.employee_id=employee1_.id where order0_.id=?
22:48:33.243 [main] DEBUG org.hibernate.SQL - select dish0_.id as id1_0_0_, dish0_.category as category2_0_0_, dish0_.menu_id as menu_id6_0_0_, dish0_.name as name3_0_0_, dish0_.price as price4_0_0_, dish0_.weight as weight5_0_0_, ingredient1_.dish_id as dish_id1_1_1_, ingredient2_.id as ingred_i2_1_1_, ingredient2_.id as id1_3_2_, ingredient2_.name as name2_3_2_, menu3_.id as id1_4_3_, menu3_.name as name2_4_3_ from DISH dish0_ left outer join DISH_INGTREDIENTS ingredient1_ on dish0_.id=ingredient1_.dish_id left outer join INGREDIENT ingredient2_ on ingredient1_.ingred_id=ingredient2_.id left outer join MENU menu3_ on dish0_.menu_id=menu3_.id where dish0_.id=?
22:48:33.245 [main] DEBUG org.hibernate.SQL - select employee0_.id as id2_2_0_, employee0_.empl_date as empl_dat3_2_0_, employee0_.first_name as first_na4_2_0_, employee0_.phone as phone5_2_0_, employee0_.position as position6_2_0_, employee0_.salary as salary7_2_0_, employee0_.second_name as second_n8_2_0_, employee0_.DTYPE as DTYPE1_2_0_ from EMPLOYEE employee0_ where employee0_.id=?
22:48:33.246 [main] DEBUG org.hibernate.SQL - select order0_.id as id1_6_0_, order0_.employee_id as employee6_6_0_, order0_.order_date as order_da2_6_0_, order0_.order_num as order_nu3_6_0_, order0_.status as status4_6_0_, order0_.table_num as table_nu5_6_0_, employee1_.id as id2_2_1_, employee1_.empl_date as empl_dat3_2_1_, employee1_.first_name as first_na4_2_1_, employee1_.phone as phone5_2_1_, employee1_.position as position6_2_1_, employee1_.salary as salary7_2_1_, employee1_.second_name as second_n8_2_1_, employee1_.DTYPE as DTYPE1_2_1_ from ORDER_FROM_MENU order0_ left outer join EMPLOYEE employee1_ on order0_.employee_id=employee1_.id where order0_.id=?
22:48:33.248 [main] DEBUG org.hibernate.SQL - select dish0_.id as id1_0_0_, dish0_.category as category2_0_0_, dish0_.menu_id as menu_id6_0_0_, dish0_.name as name3_0_0_, dish0_.price as price4_0_0_, dish0_.weight as weight5_0_0_, ingredient1_.dish_id as dish_id1_1_1_, ingredient2_.id as ingred_i2_1_1_, ingredient2_.id as id1_3_2_, ingredient2_.name as name2_3_2_, menu3_.id as id1_4_3_, menu3_.name as name2_4_3_ from DISH dish0_ left outer join DISH_INGTREDIENTS ingredient1_ on dish0_.id=ingredient1_.dish_id left outer join INGREDIENT ingredient2_ on ingredient1_.ingred_id=ingredient2_.id left outer join MENU menu3_ on dish0_.menu_id=menu3_.id where dish0_.id=?
22:48:33.250 [main] DEBUG org.hibernate.SQL - select employee0_.id as id2_2_0_, employee0_.empl_date as empl_dat3_2_0_, employee0_.first_name as first_na4_2_0_, employee0_.phone as phone5_2_0_, employee0_.position as position6_2_0_, employee0_.salary as salary7_2_0_, employee0_.second_name as second_n8_2_0_, employee0_.DTYPE as DTYPE1_2_0_ from EMPLOYEE employee0_ where employee0_.id=?
22:48:33.251 [main] DEBUG org.hibernate.SQL - select order0_.id as id1_6_0_, order0_.employee_id as employee6_6_0_, order0_.order_date as order_da2_6_0_, order0_.order_num as order_nu3_6_0_, order0_.status as status4_6_0_, order0_.table_num as table_nu5_6_0_, employee1_.id as id2_2_1_, employee1_.empl_date as empl_dat3_2_1_, employee1_.first_name as first_na4_2_1_, employee1_.phone as phone5_2_1_, employee1_.position as position6_2_1_, employee1_.salary as salary7_2_1_, employee1_.second_name as second_n8_2_1_, employee1_.DTYPE as DTYPE1_2_1_ from ORDER_FROM_MENU order0_ left outer join EMPLOYEE employee1_ on order0_.employee_id=employee1_.id where order0_.id=?
22:48:33.253 [main] DEBUG org.hibernate.SQL - select dishlist0_.menu_id as menu_id6_0_0_, dishlist0_.id as id1_0_0_, dishlist0_.id as id1_0_1_, dishlist0_.category as category2_0_1_, dishlist0_.menu_id as menu_id6_0_1_, dishlist0_.name as name3_0_1_, dishlist0_.price as price4_0_1_, dishlist0_.weight as weight5_0_1_ from DISH dishlist0_ where dishlist0_.menu_id=?
22:48:33.254 [main] DEBUG org.hibernate.SQL - select dishlist0_.menu_id as menu_id6_0_0_, dishlist0_.id as id1_0_0_, dishlist0_.id as id1_0_1_, dishlist0_.category as category2_0_1_, dishlist0_.menu_id as menu_id6_0_1_, dishlist0_.name as name3_0_1_, dishlist0_.price as price4_0_1_, dishlist0_.weight as weight5_0_1_ from DISH dishlist0_ where dishlist0_.menu_id=?
22:48:33.255 [main] DEBUG org.hibernate.SQL - select ingredient0_.dish_id as dish_id1_1_0_, ingredient0_.ingred_id as ingred_i2_1_0_, ingredient1_.id as id1_3_1_, ingredient1_.name as name2_3_1_ from DISH_INGTREDIENTS ingredient0_ inner join INGREDIENT ingredient1_ on ingredient0_.ingred_id=ingredient1_.id where ingredient0_.dish_id=?
22:48:33.257 [main] INFO  c.g.l.c.ReadyMealController - List of ready meals were got.
