13:12:24.881 [MLog-Init-Reporter] INFO  com.mchange.v2.log.MLog - MLog clients using slf4j logging.
13:12:25.058 [main] INFO  com.mchange.v2.c3p0.C3P0Registry - Initializing c3p0-0.9.5.2 [built 08-December-2015 22:06:04 -0800; debug? true; trace: 10]
13:12:25.786 [main] INFO  org.hibernate.Version - HHH000412: Hibernate Core {5.2.0.Final}
13:12:25.789 [main] INFO  org.hibernate.cfg.Environment - HHH000206: hibernate.properties not found
13:12:25.792 [main] INFO  org.hibernate.cfg.Environment - HHH000021: Bytecode provider name : javassist
13:12:25.952 [main] INFO  o.h.annotations.common.Version - HCANN000001: Hibernate Commons Annotations {5.0.1.Final}
13:12:26.192 [main] INFO  c.m.v.c.i.AbstractPoolBackedDataSource - Initializing c3p0 pool... com.mchange.v2.c3p0.ComboPooledDataSource [ acquireIncrement -> 1, acquireRetryAttempts -> 30, acquireRetryDelay -> 1000, autoCommitOnClose -> false, automaticTestTable -> null, breakAfterAcquireFailure -> false, checkoutTimeout -> 0, connectionCustomizerClassName -> null, connectionTesterClassName -> com.mchange.v2.c3p0.impl.DefaultConnectionTester, contextClassLoaderSource -> caller, dataSourceName -> z8kfsx9hym21o147w8fk|2ef3eef9, debugUnreturnedConnectionStackTraces -> false, description -> null, driverClass -> com.mysql.jdbc.Driver, extensions -> {}, factoryClassLocation -> null, forceIgnoreUnresolvedTransactions -> false, forceSynchronousCheckins -> false, forceUseNamedDriverClass -> false, identityToken -> z8kfsx9hym21o147w8fk|2ef3eef9, idleConnectionTestPeriod -> 0, initialPoolSize -> 3, jdbcUrl -> jdbc:mysql://localhost:3306/databaseName, maxAdministrativeTaskTime -> 0, maxConnectionAge -> 0, maxIdleTime -> 0, maxIdleTimeExcessConnections -> 0, maxPoolSize -> 10, maxStatements -> 0, maxStatementsPerConnection -> 0, minPoolSize -> 1, numHelperThreads -> 3, preferredTestQuery -> null, privilegeSpawnedThreads -> false, properties -> {user=******, password=******}, propertyCycle -> 0, statementCacheNumDeferredCloseThreads -> 0, testConnectionOnCheckin -> false, testConnectionOnCheckout -> false, unreturnedConnectionTimeout -> 0, userOverrides -> {}, usesTraditionalReflectiveProxies -> false ]
13:13:04.538 [MLog-Init-Reporter] INFO  com.mchange.v2.log.MLog - MLog clients using slf4j logging.
13:13:04.806 [main] INFO  com.mchange.v2.c3p0.C3P0Registry - Initializing c3p0-0.9.5.2 [built 08-December-2015 22:06:04 -0800; debug? true; trace: 10]
13:13:05.427 [main] INFO  org.hibernate.Version - HHH000412: Hibernate Core {5.2.0.Final}
13:13:05.431 [main] INFO  org.hibernate.cfg.Environment - HHH000206: hibernate.properties not found
13:13:05.433 [main] INFO  org.hibernate.cfg.Environment - HHH000021: Bytecode provider name : javassist
13:13:05.561 [main] INFO  o.h.annotations.common.Version - HCANN000001: Hibernate Commons Annotations {5.0.1.Final}
13:13:05.698 [main] INFO  c.m.v.c.i.AbstractPoolBackedDataSource - Initializing c3p0 pool... com.mchange.v2.c3p0.ComboPooledDataSource [ acquireIncrement -> 1, acquireRetryAttempts -> 30, acquireRetryDelay -> 1000, autoCommitOnClose -> false, automaticTestTable -> null, breakAfterAcquireFailure -> false, checkoutTimeout -> 0, connectionCustomizerClassName -> null, connectionTesterClassName -> com.mchange.v2.c3p0.impl.DefaultConnectionTester, contextClassLoaderSource -> caller, dataSourceName -> z8kfsx9hym2w9v1nsf0qf|50b472aa, debugUnreturnedConnectionStackTraces -> false, description -> null, driverClass -> com.mysql.jdbc.Driver, extensions -> {}, factoryClassLocation -> null, forceIgnoreUnresolvedTransactions -> false, forceSynchronousCheckins -> false, forceUseNamedDriverClass -> false, identityToken -> z8kfsx9hym2w9v1nsf0qf|50b472aa, idleConnectionTestPeriod -> 0, initialPoolSize -> 3, jdbcUrl -> jdbc:mysql://localhost:3306/restaurantH, maxAdministrativeTaskTime -> 0, maxConnectionAge -> 0, maxIdleTime -> 0, maxIdleTimeExcessConnections -> 0, maxPoolSize -> 10, maxStatements -> 0, maxStatementsPerConnection -> 0, minPoolSize -> 1, numHelperThreads -> 3, preferredTestQuery -> null, privilegeSpawnedThreads -> false, properties -> {user=******, password=******}, propertyCycle -> 0, statementCacheNumDeferredCloseThreads -> 0, testConnectionOnCheckin -> false, testConnectionOnCheckout -> false, unreturnedConnectionTimeout -> 0, userOverrides -> {}, usesTraditionalReflectiveProxies -> false ]
13:13:06.125 [main] INFO  org.hibernate.dialect.Dialect - HHH000400: Using dialect: org.hibernate.dialect.MySQL5Dialect
13:13:09.148 [main] INFO  c.g.l.controllers.OrderController - Trying to get opened orders.
13:13:09.214 [main] INFO  o.h.h.i.QueryTranslatorFactoryInitiator - HHH000397: Using ASTQueryTranslatorFactory
13:13:09.405 [main] DEBUG org.hibernate.SQL - select order0_.id as id1_6_, order0_.employee_id as employee6_6_, order0_.order_date as order_da2_6_, order0_.order_num as order_nu3_6_, order0_.status as status4_6_, order0_.table_num as table_nu5_6_ from ORDER_FROM_MENU order0_ where order0_.status=?
13:13:09.463 [main] DEBUG org.hibernate.SQL - select employee0_.id as id2_2_0_, employee0_.empl_date as empl_dat3_2_0_, employee0_.first_name as first_na4_2_0_, employee0_.phone as phone5_2_0_, employee0_.position as position6_2_0_, employee0_.salary as salary7_2_0_, employee0_.second_name as second_n8_2_0_, employee0_.DTYPE as DTYPE1_2_0_ from EMPLOYEE employee0_ where employee0_.id=?
13:13:09.471 [main] INFO  o.h.e.i.DefaultLoadEventListener - HHH000327: Error performing load command : org.hibernate.WrongClassException: Object [id=4] was not of the specified subclass [com.gmail.liliyayalovchenko.domain.Employee] : Discriminator: null
13:23:13.856 [MLog-Init-Reporter] INFO  com.mchange.v2.log.MLog - MLog clients using slf4j logging.
13:23:14.084 [main] INFO  com.mchange.v2.c3p0.C3P0Registry - Initializing c3p0-0.9.5.2 [built 08-December-2015 22:06:04 -0800; debug? true; trace: 10]
13:23:14.665 [main] INFO  org.hibernate.Version - HHH000412: Hibernate Core {5.2.0.Final}
13:23:14.668 [main] INFO  org.hibernate.cfg.Environment - HHH000206: hibernate.properties not found
13:23:14.670 [main] INFO  org.hibernate.cfg.Environment - HHH000021: Bytecode provider name : javassist
13:23:14.864 [main] INFO  o.h.annotations.common.Version - HCANN000001: Hibernate Commons Annotations {5.0.1.Final}
13:23:15.013 [main] INFO  c.m.v.c.i.AbstractPoolBackedDataSource - Initializing c3p0 pool... com.mchange.v2.c3p0.ComboPooledDataSource [ acquireIncrement -> 1, acquireRetryAttempts -> 30, acquireRetryDelay -> 1000, autoCommitOnClose -> false, automaticTestTable -> null, breakAfterAcquireFailure -> false, checkoutTimeout -> 0, connectionCustomizerClassName -> null, connectionTesterClassName -> com.mchange.v2.c3p0.impl.DefaultConnectionTester, contextClassLoaderSource -> caller, dataSourceName -> z8kfsx9hymfyf21mnhl90|1817d444, debugUnreturnedConnectionStackTraces -> false, description -> null, driverClass -> com.mysql.jdbc.Driver, extensions -> {}, factoryClassLocation -> null, forceIgnoreUnresolvedTransactions -> false, forceSynchronousCheckins -> false, forceUseNamedDriverClass -> false, identityToken -> z8kfsx9hymfyf21mnhl90|1817d444, idleConnectionTestPeriod -> 0, initialPoolSize -> 3, jdbcUrl -> jdbc:mysql://localhost:3306/restaurantH, maxAdministrativeTaskTime -> 0, maxConnectionAge -> 0, maxIdleTime -> 0, maxIdleTimeExcessConnections -> 0, maxPoolSize -> 10, maxStatements -> 0, maxStatementsPerConnection -> 0, minPoolSize -> 1, numHelperThreads -> 3, preferredTestQuery -> null, privilegeSpawnedThreads -> false, properties -> {user=******, password=******}, propertyCycle -> 0, statementCacheNumDeferredCloseThreads -> 0, testConnectionOnCheckin -> false, testConnectionOnCheckout -> false, unreturnedConnectionTimeout -> 0, userOverrides -> {}, usesTraditionalReflectiveProxies -> false ]
13:23:15.398 [main] INFO  org.hibernate.dialect.Dialect - HHH000400: Using dialect: org.hibernate.dialect.MySQL5Dialect
13:23:17.087 [main] INFO  c.g.l.controllers.OrderController - Trying to get last order id.
13:23:17.132 [main] INFO  o.h.h.i.QueryTranslatorFactoryInitiator - HHH000397: Using ASTQueryTranslatorFactory
13:23:17.259 [main] DEBUG org.hibernate.SQL - select max(order0_.order_num) as col_0_0_ from ORDER_FROM_MENU order0_
13:23:17.301 [main] INFO  c.g.l.controllers.OrderController - Last order id was got.
13:23:17.319 [main] INFO  c.g.l.controllers.DishController - Try to get dish by name.
13:23:17.347 [main] DEBUG org.hibernate.SQL - select dish0_.id as id1_0_, dish0_.category as category2_0_, dish0_.menu_id as menu_id6_0_, dish0_.name as name3_0_, dish0_.price as price4_0_, dish0_.weight as weight5_0_ from DISH dish0_ where dish0_.name like ?
13:23:17.379 [main] DEBUG org.hibernate.SQL - select menu0_.id as id1_4_0_, menu0_.name as name2_4_0_, dishlist1_.menu_id as menu_id6_0_1_, dishlist1_.id as id1_0_1_, dishlist1_.id as id1_0_2_, dishlist1_.category as category2_0_2_, dishlist1_.menu_id as menu_id6_0_2_, dishlist1_.name as name3_0_2_, dishlist1_.price as price4_0_2_, dishlist1_.weight as weight5_0_2_, ingredient2_.dish_id as dish_id1_1_3_, ingredient3_.id as ingred_i2_1_3_, ingredient3_.id as id1_3_4_, ingredient3_.name as name2_3_4_ from MENU menu0_ left outer join DISH dishlist1_ on menu0_.id=dishlist1_.menu_id left outer join DISH_INGTREDIENTS ingredient2_ on dishlist1_.id=ingredient2_.dish_id left outer join INGREDIENT ingredient3_ on ingredient2_.ingred_id=ingredient3_.id where menu0_.id=?
13:23:17.425 [main] INFO  c.g.l.controllers.DishController - Dish is got by name.
13:23:17.451 [main] INFO  c.g.l.controllers.EmployeeController - Start persisting employee.
13:23:17.467 [main] DEBUG org.hibernate.SQL - select max(id) from EMPLOYEE
13:23:17.472 [main] INFO  c.g.l.controllers.EmployeeController - Employee is persist
13:23:17.480 [main] DEBUG org.hibernate.SQL - insert into EMPLOYEE (empl_date, first_name, phone, position, salary, second_name, DTYPE, id) values (?, ?, ?, ?, ?, ?, 'Waiter', ?)
13:23:17.494 [main] DEBUG org.hibernate.SQL - update ORDER_FROM_MENU set employee_id=? where id=?
13:23:17.495 [main] ERROR o.h.i.ExceptionMapperStandardImpl - HHH000346: Error during managed flush [org.hibernate.TransientObjectException: object references an unsaved transient instance - save the transient instance beforeQuery flushing: com.gmail.liliyayalovchenko.domain.Order]
13:23:17.533 [main] INFO  o.h.e.j.b.internal.AbstractBatchImpl - HHH000010: On release of batch it still contained JDBC statements
13:26:24.204 [MLog-Init-Reporter] INFO  com.mchange.v2.log.MLog - MLog clients using slf4j logging.
13:26:24.457 [main] INFO  com.mchange.v2.c3p0.C3P0Registry - Initializing c3p0-0.9.5.2 [built 08-December-2015 22:06:04 -0800; debug? true; trace: 10]
13:26:25.082 [main] INFO  org.hibernate.Version - HHH000412: Hibernate Core {5.2.0.Final}
13:26:25.086 [main] INFO  org.hibernate.cfg.Environment - HHH000206: hibernate.properties not found
13:26:25.089 [main] INFO  org.hibernate.cfg.Environment - HHH000021: Bytecode provider name : javassist
13:26:25.203 [main] INFO  o.h.annotations.common.Version - HCANN000001: Hibernate Commons Annotations {5.0.1.Final}
13:26:25.332 [main] INFO  c.m.v.c.i.AbstractPoolBackedDataSource - Initializing c3p0 pool... com.mchange.v2.c3p0.ComboPooledDataSource [ acquireIncrement -> 1, acquireRetryAttempts -> 30, acquireRetryDelay -> 1000, autoCommitOnClose -> false, automaticTestTable -> null, breakAfterAcquireFailure -> false, checkoutTimeout -> 0, connectionCustomizerClassName -> null, connectionTesterClassName -> com.mchange.v2.c3p0.impl.DefaultConnectionTester, contextClassLoaderSource -> caller, dataSourceName -> z8kfsx9hymk1bfprs2e9|2ef3eef9, debugUnreturnedConnectionStackTraces -> false, description -> null, driverClass -> com.mysql.jdbc.Driver, extensions -> {}, factoryClassLocation -> null, forceIgnoreUnresolvedTransactions -> false, forceSynchronousCheckins -> false, forceUseNamedDriverClass -> false, identityToken -> z8kfsx9hymk1bfprs2e9|2ef3eef9, idleConnectionTestPeriod -> 0, initialPoolSize -> 3, jdbcUrl -> jdbc:mysql://localhost:3306/restaurantH, maxAdministrativeTaskTime -> 0, maxConnectionAge -> 0, maxIdleTime -> 0, maxIdleTimeExcessConnections -> 0, maxPoolSize -> 10, maxStatements -> 0, maxStatementsPerConnection -> 0, minPoolSize -> 1, numHelperThreads -> 3, preferredTestQuery -> null, privilegeSpawnedThreads -> false, properties -> {user=******, password=******}, propertyCycle -> 0, statementCacheNumDeferredCloseThreads -> 0, testConnectionOnCheckin -> false, testConnectionOnCheckout -> false, unreturnedConnectionTimeout -> 0, userOverrides -> {}, usesTraditionalReflectiveProxies -> false ]
13:26:25.725 [main] INFO  org.hibernate.dialect.Dialect - HHH000400: Using dialect: org.hibernate.dialect.MySQL5Dialect
13:26:27.240 [main] INFO  c.g.l.controllers.OrderController - Trying to get last order id.
13:26:27.276 [main] INFO  o.h.h.i.QueryTranslatorFactoryInitiator - HHH000397: Using ASTQueryTranslatorFactory
13:26:27.439 [main] DEBUG org.hibernate.SQL - select max(order0_.order_num) as col_0_0_ from ORDER_FROM_MENU order0_
13:26:27.475 [main] INFO  c.g.l.controllers.OrderController - Last order id was got.
13:26:27.495 [main] INFO  c.g.l.controllers.DishController - Try to get dish by name.
13:26:27.523 [main] DEBUG org.hibernate.SQL - select dish0_.id as id1_0_, dish0_.category as category2_0_, dish0_.menu_id as menu_id6_0_, dish0_.name as name3_0_, dish0_.price as price4_0_, dish0_.weight as weight5_0_ from DISH dish0_ where dish0_.name like ?
13:26:27.553 [main] DEBUG org.hibernate.SQL - select menu0_.id as id1_4_0_, menu0_.name as name2_4_0_, dishlist1_.menu_id as menu_id6_0_1_, dishlist1_.id as id1_0_1_, dishlist1_.id as id1_0_2_, dishlist1_.category as category2_0_2_, dishlist1_.menu_id as menu_id6_0_2_, dishlist1_.name as name3_0_2_, dishlist1_.price as price4_0_2_, dishlist1_.weight as weight5_0_2_, ingredient2_.dish_id as dish_id1_1_3_, ingredient3_.id as ingred_i2_1_3_, ingredient3_.id as id1_3_4_, ingredient3_.name as name2_3_4_ from MENU menu0_ left outer join DISH dishlist1_ on menu0_.id=dishlist1_.menu_id left outer join DISH_INGTREDIENTS ingredient2_ on dishlist1_.id=ingredient2_.dish_id left outer join INGREDIENT ingredient3_ on ingredient2_.ingred_id=ingredient3_.id where menu0_.id=?
13:26:27.572 [main] INFO  c.g.l.controllers.DishController - Dish is got by name.
13:26:27.592 [main] INFO  c.g.l.controllers.OrderController - Trying to persist order.
13:26:27.597 [main] DEBUG org.hibernate.SQL - select max(id) from ORDER_FROM_MENU
13:26:27.605 [main] INFO  c.g.l.controllers.OrderController - Order is persisted.
13:26:27.616 [main] DEBUG org.hibernate.SQL - insert into ORDER_FROM_MENU (employee_id, order_date, order_num, status, table_num, id) values (?, ?, ?, ?, ?, ?)
13:26:27.631 [main] DEBUG org.hibernate.SQL - insert into ORDER_DISH (order_id, dish_id) values (?, ?)
13:26:27.695 [main] INFO  c.g.l.controllers.EmployeeController - Start persisting employee.
13:26:27.707 [main] DEBUG org.hibernate.SQL - select max(id) from EMPLOYEE
13:26:27.708 [main] INFO  c.g.l.controllers.EmployeeController - Employee is persist
13:26:27.708 [main] DEBUG org.hibernate.SQL - insert into EMPLOYEE (empl_date, first_name, phone, position, salary, second_name, DTYPE, id) values (?, ?, ?, ?, ?, ?, 'Waiter', ?)
13:26:27.711 [main] DEBUG org.hibernate.SQL - update ORDER_FROM_MENU set employee_id=? where id=?
15:37:55.948 [MLog-Init-Reporter] INFO  com.mchange.v2.log.MLog - MLog clients using slf4j logging.
15:37:56.187 [main] INFO  com.mchange.v2.c3p0.C3P0Registry - Initializing c3p0-0.9.5.2 [built 08-December-2015 22:06:04 -0800; debug? true; trace: 10]
15:37:56.868 [main] INFO  org.hibernate.Version - HHH000412: Hibernate Core {5.2.0.Final}
15:37:56.871 [main] INFO  org.hibernate.cfg.Environment - HHH000206: hibernate.properties not found
15:37:56.874 [main] INFO  org.hibernate.cfg.Environment - HHH000021: Bytecode provider name : javassist
15:37:57.057 [main] INFO  o.h.annotations.common.Version - HCANN000001: Hibernate Commons Annotations {5.0.1.Final}
15:37:57.197 [main] INFO  c.m.v.c.i.AbstractPoolBackedDataSource - Initializing c3p0 pool... com.mchange.v2.c3p0.ComboPooledDataSource [ acquireIncrement -> 1, acquireRetryAttempts -> 30, acquireRetryDelay -> 1000, autoCommitOnClose -> false, automaticTestTable -> null, breakAfterAcquireFailure -> false, checkoutTimeout -> 0, connectionCustomizerClassName -> null, connectionTesterClassName -> com.mchange.v2.c3p0.impl.DefaultConnectionTester, contextClassLoaderSource -> caller, dataSourceName -> z8kfsx9hyr96m71tzr7tk|2ef3eef9, debugUnreturnedConnectionStackTraces -> false, description -> null, driverClass -> com.mysql.jdbc.Driver, extensions -> {}, factoryClassLocation -> null, forceIgnoreUnresolvedTransactions -> false, forceSynchronousCheckins -> false, forceUseNamedDriverClass -> false, identityToken -> z8kfsx9hyr96m71tzr7tk|2ef3eef9, idleConnectionTestPeriod -> 0, initialPoolSize -> 3, jdbcUrl -> jdbc:mysql://localhost:3306/restaurantH, maxAdministrativeTaskTime -> 0, maxConnectionAge -> 0, maxIdleTime -> 0, maxIdleTimeExcessConnections -> 0, maxPoolSize -> 10, maxStatements -> 0, maxStatementsPerConnection -> 0, minPoolSize -> 1, numHelperThreads -> 3, preferredTestQuery -> null, privilegeSpawnedThreads -> false, properties -> {user=******, password=******}, propertyCycle -> 0, statementCacheNumDeferredCloseThreads -> 0, testConnectionOnCheckin -> false, testConnectionOnCheckout -> false, unreturnedConnectionTimeout -> 0, userOverrides -> {}, usesTraditionalReflectiveProxies -> false ]
15:37:57.592 [main] INFO  org.hibernate.dialect.Dialect - HHH000400: Using dialect: org.hibernate.dialect.MySQL5Dialect
15:37:59.079 [main] INFO  c.g.l.controllers.OrderController - Trying to get last order id.
15:37:59.113 [main] INFO  o.h.h.i.QueryTranslatorFactoryInitiator - HHH000397: Using ASTQueryTranslatorFactory
15:37:59.312 [main] DEBUG org.hibernate.SQL - select max(order0_.order_num) as col_0_0_ from ORDER_FROM_MENU order0_
15:37:59.349 [main] INFO  c.g.l.controllers.OrderController - Last order id was got.
15:38:32.952 [main] INFO  c.g.l.controllers.EmployeeController - Try to get all employees
15:38:32.979 [main] DEBUG org.hibernate.SQL - select employee0_.id as id2_2_, employee0_.empl_date as empl_dat3_2_, employee0_.first_name as first_na4_2_, employee0_.phone as phone5_2_, employee0_.position as position6_2_, employee0_.salary as salary7_2_, employee0_.second_name as second_n8_2_, employee0_.DTYPE as DTYPE1_2_ from EMPLOYEE employee0_
15:42:43.508 [MLog-Init-Reporter] INFO  com.mchange.v2.log.MLog - MLog clients using slf4j logging.
15:42:43.714 [main] INFO  com.mchange.v2.c3p0.C3P0Registry - Initializing c3p0-0.9.5.2 [built 08-December-2015 22:06:04 -0800; debug? true; trace: 10]
15:42:44.380 [main] INFO  org.hibernate.Version - HHH000412: Hibernate Core {5.2.0.Final}
15:42:44.388 [main] INFO  org.hibernate.cfg.Environment - HHH000206: hibernate.properties not found
15:42:44.390 [main] INFO  org.hibernate.cfg.Environment - HHH000021: Bytecode provider name : javassist
15:42:44.550 [main] INFO  o.h.annotations.common.Version - HCANN000001: Hibernate Commons Annotations {5.0.1.Final}
15:42:44.784 [main] INFO  c.m.v.c.i.AbstractPoolBackedDataSource - Initializing c3p0 pool... com.mchange.v2.c3p0.ComboPooledDataSource [ acquireIncrement -> 1, acquireRetryAttempts -> 30, acquireRetryDelay -> 1000, autoCommitOnClose -> false, automaticTestTable -> null, breakAfterAcquireFailure -> false, checkoutTimeout -> 0, connectionCustomizerClassName -> null, connectionTesterClassName -> com.mchange.v2.c3p0.impl.DefaultConnectionTester, contextClassLoaderSource -> caller, dataSourceName -> z8kfsx9hyrfchf1qmd6wd|243c4f91, debugUnreturnedConnectionStackTraces -> false, description -> null, driverClass -> com.mysql.jdbc.Driver, extensions -> {}, factoryClassLocation -> null, forceIgnoreUnresolvedTransactions -> false, forceSynchronousCheckins -> false, forceUseNamedDriverClass -> false, identityToken -> z8kfsx9hyrfchf1qmd6wd|243c4f91, idleConnectionTestPeriod -> 0, initialPoolSize -> 3, jdbcUrl -> jdbc:mysql://localhost:3306/restaurantH, maxAdministrativeTaskTime -> 0, maxConnectionAge -> 0, maxIdleTime -> 0, maxIdleTimeExcessConnections -> 0, maxPoolSize -> 10, maxStatements -> 0, maxStatementsPerConnection -> 0, minPoolSize -> 1, numHelperThreads -> 3, preferredTestQuery -> null, privilegeSpawnedThreads -> false, properties -> {user=******, password=******}, propertyCycle -> 0, statementCacheNumDeferredCloseThreads -> 0, testConnectionOnCheckin -> false, testConnectionOnCheckout -> false, unreturnedConnectionTimeout -> 0, userOverrides -> {}, usesTraditionalReflectiveProxies -> false ]
15:42:45.159 [main] INFO  org.hibernate.dialect.Dialect - HHH000400: Using dialect: org.hibernate.dialect.MySQL5Dialect
15:42:46.641 [main] INFO  c.g.l.controllers.OrderController - Trying to get last order id.
15:42:46.670 [main] INFO  o.h.h.i.QueryTranslatorFactoryInitiator - HHH000397: Using ASTQueryTranslatorFactory
15:42:46.863 [main] DEBUG org.hibernate.SQL - select max(order0_.order_num) as col_0_0_ from ORDER_FROM_MENU order0_
15:42:46.898 [main] INFO  c.g.l.controllers.OrderController - Last order id was got.
15:42:53.952 [main] INFO  c.g.l.controllers.EmployeeController - Try to get all employees
15:42:53.976 [main] DEBUG org.hibernate.SQL - select employee0_.id as id2_2_, employee0_.empl_date as empl_dat3_2_, employee0_.first_name as first_na4_2_, employee0_.phone as phone5_2_, employee0_.position as position6_2_, employee0_.salary as salary7_2_, employee0_.second_name as second_n8_2_, employee0_.DTYPE as DTYPE1_2_ from EMPLOYEE employee0_
15:42:54.019 [main] INFO  c.g.l.controllers.EmployeeController - All employees are got.
15:45:09.481 [MLog-Init-Reporter] INFO  com.mchange.v2.log.MLog - MLog clients using slf4j logging.
15:45:09.718 [main] INFO  com.mchange.v2.c3p0.C3P0Registry - Initializing c3p0-0.9.5.2 [built 08-December-2015 22:06:04 -0800; debug? true; trace: 10]
15:45:10.325 [main] INFO  org.hibernate.Version - HHH000412: Hibernate Core {5.2.0.Final}
15:45:10.328 [main] INFO  org.hibernate.cfg.Environment - HHH000206: hibernate.properties not found
15:45:10.329 [main] INFO  org.hibernate.cfg.Environment - HHH000021: Bytecode provider name : javassist
15:45:10.482 [main] INFO  o.h.annotations.common.Version - HCANN000001: Hibernate Commons Annotations {5.0.1.Final}
15:45:10.657 [main] INFO  c.m.v.c.i.AbstractPoolBackedDataSource - Initializing c3p0 pool... com.mchange.v2.c3p0.ComboPooledDataSource [ acquireIncrement -> 1, acquireRetryAttempts -> 30, acquireRetryDelay -> 1000, autoCommitOnClose -> false, automaticTestTable -> null, breakAfterAcquireFailure -> false, checkoutTimeout -> 0, connectionCustomizerClassName -> null, connectionTesterClassName -> com.mchange.v2.c3p0.impl.DefaultConnectionTester, contextClassLoaderSource -> caller, dataSourceName -> z8kfsx9hyrih4j8op7s0|291ae, debugUnreturnedConnectionStackTraces -> false, description -> null, driverClass -> com.mysql.jdbc.Driver, extensions -> {}, factoryClassLocation -> null, forceIgnoreUnresolvedTransactions -> false, forceSynchronousCheckins -> false, forceUseNamedDriverClass -> false, identityToken -> z8kfsx9hyrih4j8op7s0|291ae, idleConnectionTestPeriod -> 0, initialPoolSize -> 3, jdbcUrl -> jdbc:mysql://localhost:3306/restaurantH, maxAdministrativeTaskTime -> 0, maxConnectionAge -> 0, maxIdleTime -> 0, maxIdleTimeExcessConnections -> 0, maxPoolSize -> 10, maxStatements -> 0, maxStatementsPerConnection -> 0, minPoolSize -> 1, numHelperThreads -> 3, preferredTestQuery -> null, privilegeSpawnedThreads -> false, properties -> {user=******, password=******}, propertyCycle -> 0, statementCacheNumDeferredCloseThreads -> 0, testConnectionOnCheckin -> false, testConnectionOnCheckout -> false, unreturnedConnectionTimeout -> 0, userOverrides -> {}, usesTraditionalReflectiveProxies -> false ]
15:45:11.024 [main] INFO  org.hibernate.dialect.Dialect - HHH000400: Using dialect: org.hibernate.dialect.MySQL5Dialect
15:45:12.535 [main] INFO  c.g.l.controllers.OrderController - Trying to get last order id.
15:45:12.568 [main] INFO  o.h.h.i.QueryTranslatorFactoryInitiator - HHH000397: Using ASTQueryTranslatorFactory
15:45:12.743 [main] DEBUG org.hibernate.SQL - select max(order0_.order_num) as col_0_0_ from ORDER_FROM_MENU order0_
15:45:12.780 [main] INFO  c.g.l.controllers.OrderController - Last order id was got.
15:45:21.835 [main] INFO  c.g.l.controllers.EmployeeController - Try to get all employees
15:45:21.862 [main] DEBUG org.hibernate.SQL - select employee0_.id as id2_2_, employee0_.empl_date as empl_dat3_2_, employee0_.first_name as first_na4_2_, employee0_.phone as phone5_2_, employee0_.position as position6_2_, employee0_.salary as salary7_2_, employee0_.second_name as second_n8_2_, employee0_.DTYPE as DTYPE1_2_ from EMPLOYEE employee0_
15:45:21.907 [main] DEBUG org.hibernate.SQL - select orderlist0_.employee_id as employee6_6_0_, orderlist0_.id as id1_6_0_, orderlist0_.id as id1_6_1_, orderlist0_.employee_id as employee6_6_1_, orderlist0_.order_date as order_da2_6_1_, orderlist0_.order_num as order_nu3_6_1_, orderlist0_.status as status4_6_1_, orderlist0_.table_num as table_nu5_6_1_ from ORDER_FROM_MENU orderlist0_ where orderlist0_.employee_id=?
15:45:21.930 [main] INFO  c.g.l.controllers.EmployeeController - All employees are got.
15:51:48.189 [MLog-Init-Reporter] INFO  com.mchange.v2.log.MLog - MLog clients using slf4j logging.
15:51:48.368 [main] INFO  com.mchange.v2.c3p0.C3P0Registry - Initializing c3p0-0.9.5.2 [built 08-December-2015 22:06:04 -0800; debug? true; trace: 10]
15:51:49.021 [main] INFO  org.hibernate.Version - HHH000412: Hibernate Core {5.2.0.Final}
15:51:49.023 [main] INFO  org.hibernate.cfg.Environment - HHH000206: hibernate.properties not found
15:51:49.025 [main] INFO  org.hibernate.cfg.Environment - HHH000021: Bytecode provider name : javassist
15:51:49.168 [main] INFO  o.h.annotations.common.Version - HCANN000001: Hibernate Commons Annotations {5.0.1.Final}
15:51:49.354 [main] INFO  c.m.v.c.i.AbstractPoolBackedDataSource - Initializing c3p0 pool... com.mchange.v2.c3p0.ComboPooledDataSource [ acquireIncrement -> 1, acquireRetryAttempts -> 30, acquireRetryDelay -> 1000, autoCommitOnClose -> false, automaticTestTable -> null, breakAfterAcquireFailure -> false, checkoutTimeout -> 0, connectionCustomizerClassName -> null, connectionTesterClassName -> com.mchange.v2.c3p0.impl.DefaultConnectionTester, contextClassLoaderSource -> caller, dataSourceName -> z8kfsx9hyrr0r517pmaog|2ef3eef9, debugUnreturnedConnectionStackTraces -> false, description -> null, driverClass -> com.mysql.jdbc.Driver, extensions -> {}, factoryClassLocation -> null, forceIgnoreUnresolvedTransactions -> false, forceSynchronousCheckins -> false, forceUseNamedDriverClass -> false, identityToken -> z8kfsx9hyrr0r517pmaog|2ef3eef9, idleConnectionTestPeriod -> 0, initialPoolSize -> 3, jdbcUrl -> jdbc:mysql://localhost:3306/restaurantH, maxAdministrativeTaskTime -> 0, maxConnectionAge -> 0, maxIdleTime -> 0, maxIdleTimeExcessConnections -> 0, maxPoolSize -> 10, maxStatements -> 0, maxStatementsPerConnection -> 0, minPoolSize -> 1, numHelperThreads -> 3, preferredTestQuery -> null, privilegeSpawnedThreads -> false, properties -> {user=******, password=******}, propertyCycle -> 0, statementCacheNumDeferredCloseThreads -> 0, testConnectionOnCheckin -> false, testConnectionOnCheckout -> false, unreturnedConnectionTimeout -> 0, userOverrides -> {}, usesTraditionalReflectiveProxies -> false ]
15:51:49.769 [main] INFO  org.hibernate.dialect.Dialect - HHH000400: Using dialect: org.hibernate.dialect.MySQL5Dialect
15:51:51.465 [main] INFO  c.g.l.controllers.OrderController - Trying to get last order id.
15:51:51.535 [main] INFO  o.h.h.i.QueryTranslatorFactoryInitiator - HHH000397: Using ASTQueryTranslatorFactory
15:51:51.678 [main] DEBUG org.hibernate.SQL - select max(order0_.order_num) as col_0_0_ from ORDER_FROM_MENU order0_
15:51:51.700 [main] INFO  c.g.l.controllers.OrderController - Last order id was got.
15:51:57.809 [main] DEBUG org.hibernate.SQL - select employee0_.id as id2_2_, employee0_.empl_date as empl_dat3_2_, employee0_.first_name as first_na4_2_, employee0_.phone as phone5_2_, employee0_.position as position6_2_, employee0_.salary as salary7_2_, employee0_.second_name as second_n8_2_, employee0_.DTYPE as DTYPE1_2_ from EMPLOYEE employee0_
15:51:57.859 [main] DEBUG org.hibernate.SQL - select orderlist0_.employee_id as employee6_6_0_, orderlist0_.id as id1_6_0_, orderlist0_.id as id1_6_1_, orderlist0_.employee_id as employee6_6_1_, orderlist0_.order_date as order_da2_6_1_, orderlist0_.order_num as order_nu3_6_1_, orderlist0_.status as status4_6_1_, orderlist0_.table_num as table_nu5_6_1_ from ORDER_FROM_MENU orderlist0_ where orderlist0_.employee_id=?
15:51:57.873 [main] DEBUG org.hibernate.SQL - select dishlist0_.order_id as order_id1_5_0_, dishlist0_.dish_id as dish_id2_5_0_, dish1_.id as id1_0_1_, dish1_.category as category2_0_1_, dish1_.menu_id as menu_id6_0_1_, dish1_.name as name3_0_1_, dish1_.price as price4_0_1_, dish1_.weight as weight5_0_1_, menu2_.id as id1_4_2_, menu2_.name as name2_4_2_ from ORDER_DISH dishlist0_ inner join DISH dish1_ on dishlist0_.dish_id=dish1_.id left outer join MENU menu2_ on dish1_.menu_id=menu2_.id where dishlist0_.order_id=?
15:51:57.877 [main] DEBUG org.hibernate.SQL - select dishlist0_.menu_id as menu_id6_0_0_, dishlist0_.id as id1_0_0_, dishlist0_.id as id1_0_1_, dishlist0_.category as category2_0_1_, dishlist0_.menu_id as menu_id6_0_1_, dishlist0_.name as name3_0_1_, dishlist0_.price as price4_0_1_, dishlist0_.weight as weight5_0_1_ from DISH dishlist0_ where dishlist0_.menu_id=?
15:51:57.879 [main] DEBUG org.hibernate.SQL - select ingredient0_.dish_id as dish_id1_1_0_, ingredient0_.ingred_id as ingred_i2_1_0_, ingredient1_.id as id1_3_1_, ingredient1_.name as name2_3_1_ from DISH_INGTREDIENTS ingredient0_ inner join INGREDIENT ingredient1_ on ingredient0_.ingred_id=ingredient1_.id where ingredient0_.dish_id=?
15:51:57.882 [main] DEBUG org.hibernate.SQL - select ingredient0_.dish_id as dish_id1_1_0_, ingredient0_.ingred_id as ingred_i2_1_0_, ingredient1_.id as id1_3_1_, ingredient1_.name as name2_3_1_ from DISH_INGTREDIENTS ingredient0_ inner join INGREDIENT ingredient1_ on ingredient0_.ingred_id=ingredient1_.id where ingredient0_.dish_id=?
15:52:22.780 [MLog-Init-Reporter] INFO  com.mchange.v2.log.MLog - MLog clients using slf4j logging.
15:52:23.015 [main] INFO  com.mchange.v2.c3p0.C3P0Registry - Initializing c3p0-0.9.5.2 [built 08-December-2015 22:06:04 -0800; debug? true; trace: 10]
15:52:23.705 [main] INFO  org.hibernate.Version - HHH000412: Hibernate Core {5.2.0.Final}
15:52:23.707 [main] INFO  org.hibernate.cfg.Environment - HHH000206: hibernate.properties not found
15:52:23.709 [main] INFO  org.hibernate.cfg.Environment - HHH000021: Bytecode provider name : javassist
15:52:23.841 [main] INFO  o.h.annotations.common.Version - HCANN000001: Hibernate Commons Annotations {5.0.1.Final}
15:52:24.045 [main] INFO  c.m.v.c.i.AbstractPoolBackedDataSource - Initializing c3p0 pool... com.mchange.v2.c3p0.ComboPooledDataSource [ acquireIncrement -> 1, acquireRetryAttempts -> 30, acquireRetryDelay -> 1000, autoCommitOnClose -> false, automaticTestTable -> null, breakAfterAcquireFailure -> false, checkoutTimeout -> 0, connectionCustomizerClassName -> null, connectionTesterClassName -> com.mchange.v2.c3p0.impl.DefaultConnectionTester, contextClassLoaderSource -> caller, dataSourceName -> z8kfsx9hyrrrgtxtw0qp|50b472aa, debugUnreturnedConnectionStackTraces -> false, description -> null, driverClass -> com.mysql.jdbc.Driver, extensions -> {}, factoryClassLocation -> null, forceIgnoreUnresolvedTransactions -> false, forceSynchronousCheckins -> false, forceUseNamedDriverClass -> false, identityToken -> z8kfsx9hyrrrgtxtw0qp|50b472aa, idleConnectionTestPeriod -> 0, initialPoolSize -> 3, jdbcUrl -> jdbc:mysql://localhost:3306/restaurantH, maxAdministrativeTaskTime -> 0, maxConnectionAge -> 0, maxIdleTime -> 0, maxIdleTimeExcessConnections -> 0, maxPoolSize -> 10, maxStatements -> 0, maxStatementsPerConnection -> 0, minPoolSize -> 1, numHelperThreads -> 3, preferredTestQuery -> null, privilegeSpawnedThreads -> false, properties -> {user=******, password=******}, propertyCycle -> 0, statementCacheNumDeferredCloseThreads -> 0, testConnectionOnCheckin -> false, testConnectionOnCheckout -> false, unreturnedConnectionTimeout -> 0, userOverrides -> {}, usesTraditionalReflectiveProxies -> false ]
15:52:24.472 [main] INFO  org.hibernate.dialect.Dialect - HHH000400: Using dialect: org.hibernate.dialect.MySQL5Dialect
15:52:26.064 [main] INFO  c.g.l.controllers.OrderController - Trying to get last order id.
15:52:26.097 [main] INFO  o.h.h.i.QueryTranslatorFactoryInitiator - HHH000397: Using ASTQueryTranslatorFactory
15:52:26.266 [main] DEBUG org.hibernate.SQL - select max(order0_.order_num) as col_0_0_ from ORDER_FROM_MENU order0_
15:52:26.305 [main] INFO  c.g.l.controllers.OrderController - Last order id was got.
15:52:34.183 [main] DEBUG org.hibernate.SQL - select employee0_.id as id2_2_, employee0_.empl_date as empl_dat3_2_, employee0_.first_name as first_na4_2_, employee0_.phone as phone5_2_, employee0_.position as position6_2_, employee0_.salary as salary7_2_, employee0_.second_name as second_n8_2_, employee0_.DTYPE as DTYPE1_2_ from EMPLOYEE employee0_
15:52:34.216 [main] DEBUG org.hibernate.SQL - select orderlist0_.employee_id as employee6_6_0_, orderlist0_.id as id1_6_0_, orderlist0_.id as id1_6_1_, orderlist0_.employee_id as employee6_6_1_, orderlist0_.order_date as order_da2_6_1_, orderlist0_.order_num as order_nu3_6_1_, orderlist0_.status as status4_6_1_, orderlist0_.table_num as table_nu5_6_1_ from ORDER_FROM_MENU orderlist0_ where orderlist0_.employee_id=?
15:52:34.229 [main] DEBUG org.hibernate.SQL - select dishlist0_.order_id as order_id1_5_0_, dishlist0_.dish_id as dish_id2_5_0_, dish1_.id as id1_0_1_, dish1_.category as category2_0_1_, dish1_.menu_id as menu_id6_0_1_, dish1_.name as name3_0_1_, dish1_.price as price4_0_1_, dish1_.weight as weight5_0_1_, menu2_.id as id1_4_2_, menu2_.name as name2_4_2_ from ORDER_DISH dishlist0_ inner join DISH dish1_ on dishlist0_.dish_id=dish1_.id left outer join MENU menu2_ on dish1_.menu_id=menu2_.id where dishlist0_.order_id=?
15:52:34.233 [main] DEBUG org.hibernate.SQL - select dishlist0_.menu_id as menu_id6_0_0_, dishlist0_.id as id1_0_0_, dishlist0_.id as id1_0_1_, dishlist0_.category as category2_0_1_, dishlist0_.menu_id as menu_id6_0_1_, dishlist0_.name as name3_0_1_, dishlist0_.price as price4_0_1_, dishlist0_.weight as weight5_0_1_ from DISH dishlist0_ where dishlist0_.menu_id=?
15:52:34.235 [main] DEBUG org.hibernate.SQL - select ingredient0_.dish_id as dish_id1_1_0_, ingredient0_.ingred_id as ingred_i2_1_0_, ingredient1_.id as id1_3_1_, ingredient1_.name as name2_3_1_ from DISH_INGTREDIENTS ingredient0_ inner join INGREDIENT ingredient1_ on ingredient0_.ingred_id=ingredient1_.id where ingredient0_.dish_id=?
15:52:34.238 [main] DEBUG org.hibernate.SQL - select ingredient0_.dish_id as dish_id1_1_0_, ingredient0_.ingred_id as ingred_i2_1_0_, ingredient1_.id as id1_3_1_, ingredient1_.name as name2_3_1_ from DISH_INGTREDIENTS ingredient0_ inner join INGREDIENT ingredient1_ on ingredient0_.ingred_id=ingredient1_.id where ingredient0_.dish_id=?
